## ãƒ­ã‚° ãƒ‘ãƒ¼ãƒ†ã‚£ã‚·ãƒ§ãƒ‹ãƒ³ã‚°
### PostgreSQL x Java

[<img style="border-radius: 50% !important;" src="img/twitter.jpg" width="200px" alt="Keisuke KATO">](https://twitter.com/k_kato) 

[Javaãƒ„ãƒ¼ãƒ«å‹‰å¼·ä¼š ï½ãƒ­ã‚°ãƒ©ã‚¤ãƒ–ãƒ©ãƒªã¨ã‹ã„ã‚ã„ã‚ï¼ˆï¼Ÿï¼‰ï½](http://javatoolstudy-fukuoka.connpass.com/event/28967/)

2016å¹´ 4æœˆ 22æ—¥ [@k_kato](https://twitter.com/k_kato)




## è‡ªå·±ç´¹ä»‹

<!-- .slide: data-background="rgb(0, 43, 54)" -->
```js
const profile = {timeline: [
    {year: 2010, lang: "Java"},
    {year: 2011, lang: "C#"  },
    {year: 2012, lang: "C#"  },
    {year: 2013, lang: "Java"},
    {year: 2014, lang: "C#"  },
    {year: 2015, lang: "Java"}
]};
```
```js
const addTimeline2016 = (profile) => {
    profile.timeline.push({
        year: 2016,
        lang: "ğŸ£",
        do: "ã€C# ãƒ¢ãƒ€ãƒ³ Web é–‹ç™ºã€ã‚’åŸ·ç­†ä¸­",
        try: "Microsoft MVP"
    });
}
```
<!-- .element: class="fragment" data-fragment-index="1" -->



# Q.
# ãƒ­ã‚° <!-- .element: class="fragment" data-fragment-index="1" -->
## ä¿å­˜ã—ã¦ã„ã¾ã™ã‹ï¼Ÿ <!-- .element: class="fragment" data-fragment-index="1" -->



# A.
1. ä¿å­˜ã—ã¦ã„ãªã„ <!-- .element: class="fragment" data-fragment-index="1" -->
1. ã‚¢ãƒ©ãƒ¼ãƒˆ <!-- .element: class="fragment" data-fragment-index="2" -->
1. ãƒ•ã‚¡ã‚¤ãƒ«ä¿å­˜ <!-- .element: class="fragment" data-fragment-index="3" -->
1. AWS, GCP, Azure <!-- .element: class="fragment" data-fragment-index="4" -->
1. Elasticsearch <!-- .element: class="fragment" data-fragment-index="5" -->
1. Hadoop <!-- .element: class="fragment" data-fragment-index="5" -->
1. Treasure Data <!-- .element: class="fragment" data-fragment-index="5" -->
1. DBä¿å­˜ <!-- .element: class="fragment" data-fragment-index="6" -->
 1. NoSQL <!-- .element: class="fragment" data-fragment-index="7" -->
 1. RDB <!-- .element: class="fragment" data-fragment-index="8" -->



<!-- .slide: data-background="rgb(255, 255, 255)" -->
![fluentd architecture](img/fluentd-architecture.png)
<span style="height: 50px; width: 220px; background: transparent; border: 6px dotted green; border-radius: 50px; position:absolute; top:310px; left:30px"/><!-- .element: class="fragment" data-fragment-index="1" -->
<span style="height: 50px; width: 220px; background: transparent; border: 6px dotted yellow; border-radius: 50px; position:absolute; top:70px; left:330px"/><!-- .element: class="fragment" data-fragment-index="2" -->
<span style="height: 50px; width: 220px; background: transparent; border: 6px dotted red; border-radius: 50px; position:absolute; top:150px; left:-350px"/><!-- .element: class="fragment" data-fragment-index="3" -->



## RDB
## PostgreSQL
## å¤§é‡ãƒ­ã‚°ã‚’æŠ•å…¥ã—ã¦
## å•ã„åˆã‚ã›ã¦ã¿ãŸ
## â€» Java ã§<!-- .element: class="fragment" data-fragment-index="1" -->



## ã‚·ãƒŠãƒªã‚ª

ãƒ¦ãƒ¼ã‚¶ãƒ¼ãŒã‚¢ã‚«ã‚¦ãƒ³ãƒˆã‚’ä½œæˆã—ãŸã¨ãã® OS æƒ…å ±ã‚’ éå» 3 å¹´åˆ† é›†è¨ˆã—ã¦ï¼Œå¤šã„é †ã«ç”»é¢ã«è¡¨ç¤ºã™ã‚‹



## ãƒ¦ãƒ¼ã‚¶ãƒ¼ ã‚¢ã‚«ã‚¦ãƒ³ãƒˆä½œæˆãƒ­ã‚°

Table                        | Tuples Inserted | Table Size | Year
-----------------------------|-----------------|------------|----------
bigdata\_app\_log_<br>no_index | 12,171,665      | 4,231 MB   | 2004-2016




## 3 å¹´åˆ†ã ã‘å–å¾—ã—ã¦ã¿ã‚‹

```sql
SELECT *
FROM bigdata_app_log_no_index
WHERE reg_dt BETWEEN '2013-04-01' AND '2016-03-31';
```



## Execution time: 11,546 ms

<img style="border-radius: 3% !important;" src="img/000_noIndex_noPartition.png" />

```bash
QUERY PLAN
Seq Scan on bigdata_app_log_no_index  (cost=0.00..724122.97 rows=3776627 width=4993) (actual time=2.655..11500.295 rows=3605926 loops=1)
  Filter: ((reg_dt >= '2013-04-01'::date) AND (reg_dt <= '2016-03-31'::date))
  Rows Removed by Filter: 8565739
Planning time: 0.356 ms
Execution time: 11546.416 ms
```

### Seq Scan = Full Scan <!-- .element: class="fragment" data-fragment-index="1" -->
### ã‚¤ãƒ³ãƒ‡ãƒƒã‚¯ã‚¹ãŒè¶³ã‚Šãªã„ <!-- .element: class="fragment" data-fragment-index="2" -->



## ã‚¤ãƒ³ãƒ‡ãƒƒã‚¯ã‚¹è¿½åŠ 

```sql
CREATE INDEX "IX1_bigdata_log"
   ON public.bigdata_log (reg_dt ASC NULLS LAST);
```



## Execution time: 6,269 ms

<img style="border-radius: 3% !important;" src="img/005_Index_noPartition.png" />

```bash
QUERY PLAN
Bitmap Heap Scan on bigdata_app_log_index  (cost=76689.39..672452.52 rows=3614142 width=4993) (actual time=263.783..6217.492 rows=3605926 loops=1)
  Recheck Cond: ((reg_dt >= '2013-04-01'::date) AND (reg_dt <= '2016-03-31'::date))
  Rows Removed by Index Recheck: 820
  Heap Blocks: exact=29866 lossy=131743
  ->  Bitmap Index Scan on IX1_bigdata_app_log_index  (cost=0.00..75785.85 rows=3614142 width=0) (actual time=259.159..259.159 rows=3605926 loops=1)
        Index Cond: ((reg_dt >= '2013-04-01'::date) AND (reg_dt <= '2016-03-31'::date))
Planning time: 0.156 ms
Execution time: 6269.275 ms
```



### ã‚¤ãƒ³ãƒ‡ãƒƒã‚¯ã‚¹è¿½åŠ  1.8 å€é«˜é€ŸåŒ–

Table                          | Tuples Inserted | Table Size | Year                    | Execution time
-------------------------------|-----------------|------------|-------------------------|---------------
bigdata\_app\_log_<br>no_index | 12,171,665      | 4,231 MB   | 2013-2016/<br>2004-2016 | 11,546.416 ms
bigdata\_app\_log_<br>index    | 12,171,665      | 4,231 MB   | 2013-2016/<br>2004-2016 | <span style="color: yellow">**6,269.275 ms**</span>



## ç”»é¢è¡¨ç¤ºã« 6 ç§’ã‚‚å¾…ã¦ãªã„
## ã‚‚ã£ã¨ã„ã„æ–¹æ³•ãŒã‚ã‚‹ã¯ãšã <!-- .element: class="fragment" data-fragment-index="1" -->



## ãƒ‡ãƒ¼ã‚¿ã®åˆ†å¸ƒã‚’èª¿æŸ»

Table            | Tuples Inserted | Table Size | Year
-----------------|-----------------|------------|------------------------
bigdata_app_log  | 42              | 0.00 MB    | 2004
bigdata_app_log  | 1,176,599       | 405 MB     | 2005
bigdata_app_log  | 1,124,206       | 387 MB     | 2006
bigdata_app_log  | 1,063,139       | 367 MB     | 2007
bigdata_app_log  | 972,165         | 337 MB     | 2008
bigdata_app_log  | 939,173         | 326 MB     | 2009
bigdata_app_log  | 1,036,272       | 360 MB     | 2010
bigdata_app_log  | 1,081,212       | 376 MB     | 2011


Table            | Tuples Inserted | Table Size | Year
-----------------|-----------------|------------|------------------------
bigdata_app_log  | 1,172,931       | 409 MB     | 2012
bigdata_app_log  | 1,199,508       | 419 MB     | 2013
bigdata_app_log  | 1,207,115       | 423 MB     | 2014
bigdata_app_log  | 1,199,303       | 420 MB     | 2015

1 å¹´å˜ä½ã§ãƒ†ãƒ¼ãƒ–ãƒ«ã‚’åˆ†å‰²ï¼ˆãƒ‘ãƒ¼ãƒ†ã‚£ã‚·ãƒ§ãƒ‹ãƒ³ã‚°ï¼‰ã—ï¼Œæ•£ä¹±ã—ãŸã‚¢ã‚¯ã‚»ã‚¹ã‚’æ¸›ã‚‰ã™ <!-- .element: class="fragment" data-fragment-index="1" -->



## ãƒ‘ãƒ¼ãƒ†ã‚£ã‚·ãƒ§ãƒ‹ãƒ³ã‚°

```sql
SELECT *
FROM bigdata_app_log
WHERE reg_dt BETWEEN '2013-04-01' AND '2016-03-31';
```

<img style="border-radius: 3% !important;" src="img/010_Index_Partition.png" /><!-- .element: class="fragment" data-fragment-index="1" -->



### PostgreSQL ãƒ‘ãƒ¼ãƒ†ã‚£ã‚·ãƒ§ãƒ‹ãƒ³ã‚° æ¦‚è¦

1. ãƒã‚¹ã‚¿ãƒ¼ ãƒ†ãƒ¼ãƒ–ãƒ«ï¼ˆè¦ªï¼‰ã‚’ä½œæˆã™ã‚‹ <!-- .element: class="fragment" data-fragment-index="1" -->
1. è¦ªã‚’ç¶™æ‰¿ã—ãŸãƒ‘ãƒ¼ãƒ†ã‚£ã‚·ãƒ§ãƒ³ ãƒ†ãƒ¼ãƒ–ãƒ«ï¼ˆå­ï¼‰ã‚’ä½œæˆã™ã‚‹ï¼ˆãƒ†ãƒ¼ãƒ–ãƒ«åˆ¶ç´„ï¼‰ <!-- .element: class="fragment" data-fragment-index="2" -->
1. å­ã«ä¿æŒã™ã‚‹ãƒ‡ãƒ¼ã‚¿ã®ç¯„å›²ã‚’è¨­å®šã™ã‚‹ <!-- .element: class="fragment" data-fragment-index="3" -->
1. è¦ªã¸ã® Insert ã‚’ãƒˆãƒªã‚¬ãƒ¼ã«ï¼Œé©åˆ‡ãªå­ã‚’åˆ¤å®šã™ã‚‹ Function ã‚’ä½œæˆã™ã‚‹ <!-- .element: class="fragment" data-fragment-index="4" -->
1. è¦ªã¸ã® Insert ã§ Function ã‚’å®Ÿè¡Œã™ã‚‹ãƒˆãƒªã‚¬ãƒ¼ã‚’è¨­å®šã™ã‚‹ <!-- .element: class="fragment" data-fragment-index="5" -->



## INHERITS & CHECK 

* è¦ªã‚’ç¶™æ‰¿ Inherits ã—ã¦å­ã‚’ä½œæˆã™ã‚‹
* å­ã«ãƒ†ãƒ¼ãƒ–ãƒ«åˆ¶ç´„ Check ã‚’è¿½åŠ ã™ã‚‹

```sql
CREATE TABLE bigdata_app_log_2015 (
    CHECK (reg_dt BETWEEN DATE '2015-04-01' AND DATE '2016-03-31'),
    CONSTRAINT pk_bigdata_app_log_2015 PRIMARY KEY (rec_id, line_no)
    USING INDEX TABLESPACE pg_default
) INHERITS(bigdata_app_log)
```



## Function

* è¦ªã¸ã® Insertï¼ˆNEWï¼‰ ãƒ‡ãƒ¼ã‚¿ã‹ã‚‰ã‚­ãƒ¼å€¤ã‚’å–å¾—ã™ã‚‹
* ã‚­ãƒ¼å€¤ã‹ã‚‰ Insert ã™ã‚‹å­ã‚’æ±ºå®šã™ã‚‹
* å­ãŒå­˜åœ¨ã—ãªã‘ã‚Œã°ï¼Œå­ã‚’è‡ªå‹•ç”Ÿæˆã™ã‚‹

```sql
CREATE OR REPLACE FUNCTION trg_bigdata_app_log()
  RETURNS TRIGGER
AS
$$
DECLARE
  partition_key      DATE := CASE WHEN NEW.reg_dt IS NOT NULL THEN NEW.reg_dt ELSE NOW() END;
  this_year           INT := to_char(partition_key, 'yyyy');
  this_month          INT := to_char(partition_key, 'mm');
  partition_year      INT := CASE WHEN this_month BETWEEN 1 AND 3 THEN this_year-1 ELSE this_year END;

  master_table    VARCHAR := 'bigdata_app_log';
  partition_table VARCHAR := master_table || '_' || partition_year;
  check_min       VARCHAR := partition_year   || '-04-01';
  check_max       VARCHAR := partition_year+1 || '-03-31';

  create_table    VARCHAR := FORMAT(
      'CREATE TABLE %s (
           CHECK (reg_dt BETWEEN DATE %L AND DATE %L),
           CONSTRAINT pk_%s PRIMARY KEY (rec_id, line_no) USING INDEX TABLESPACE pg_default
       ) INHERITS(%s)
       TABLESPACE pg_default',
      partition_table,
      check_min,
      check_max,
      partition_table,
      master_table);

  create_index    VARCHAR := FORMAT(
      'CREATE INDEX ix1_%s 
           ON %s
           (reg_dt)
           TABLESPACE pg_default;
      ',
      partition_table,
      partition_table);

   insert_table    VARCHAR := FORMAT(
       'INSERT INTO %s VALUES ($1.*)',
       partition_table);
BEGIN

  IF TG_OP = 'INSERT' THEN

    PERFORM (partition_table)::regclass;
    EXECUTE insert_table USING NEW;

  END IF;

  RETURN NULL;

  EXCEPTION WHEN undefined_table THEN
    EXECUTE create_table;
    EXECUTE create_index;
    EXECUTE insert_table USING NEW;
    RETURN NULL;
END;
$$
LANGUAGE plpgsql
;
```



## Trigger

Insert ã§ Function ã‚’å®Ÿè¡Œã™ã‚‹ãƒˆãƒªã‚¬ãƒ¼ã‚’ãƒã‚¹ã‚¿ãƒ¼ ãƒ†ãƒ¼ãƒ–ãƒ«ï¼ˆè¦ªï¼‰ã«è¨­å®šã™ã‚‹

```sql
DROP TRIGGER IF EXISTS trg_bigdata_app_log_ts ON bigdata_app_log;
CREATE TRIGGER trg_bigdata_app_log_ts
BEFORE INSERT OR UPDATE
ON bigdata_app_log
FOR EACH ROW
EXECUTE PROCEDURE trg_bigdata_app_log();
```



## ãƒ‡ãƒ¼ã‚¿ç§»è¡Œ

* è¦ªã«è¦ªè‡ªèº«ã‚’ Insert ã™ã‚‹
* è¦ªã‚’ Truncate ã™ã‚‹ (ONLY ã‚’å¿˜ã‚Œã‚‹ã¨å­ã‚‚å…¨æ¶ˆå»ã•ã‚Œã‚‹)

```sql
INSERT INTO bigdata_app_log SELECT * FROM bigdata_app_log;

TRUNCATE TABLE ONLY bigdata_app_log;
```



## ãƒ‘ãƒ¼ãƒ†ã‚£ã‚·ãƒ§ãƒ³ ãƒ†ãƒ¼ãƒ–ãƒ«

Table                 | Tuples Inserted | Table Size 
----------------------|-----------------|------------
bigdata_app_log       | 0               | 0.00 MB
bigdata_app_log_2004  | 42              | 0.00 MB
bigdata_app_log_2005  | 1,176,599       | 405 MB
bigdata_app_log_2006  | 1,124,206       | 387 MB
bigdata_app_log_2007  | 1,063,139       | 367 MB
bigdata_app_log_2008  | 972,165         | 337 MB
bigdata_app_log_2009  | 939,173         | 326 MB
bigdata_app_log_2010  | 1,036,272       | 360 MB


Table                 | Tuples Inserted | Table Size
----------------------|-----------------|------------
bigdata_app_log_2011  | 1,081,212       | 376 MB
bigdata_app_log_2012  | 1,172,931       | 409 MB
bigdata_app_log_2013  | 1,199,508       | 419 MB
bigdata_app_log_2014  | 1,207,115       | 423 MB
bigdata_app_log_2015  | 1,199,303       | 420 MB



## ãƒ‘ãƒ¼ãƒ†ã‚£ã‚·ãƒ§ãƒ³ ãƒ†ãƒ¼ãƒ–ãƒ«æ¸¬å®š




## Execution time: 3,001 ms

<img style="border-radius: 3% !important;" src="img/010_Index_Partition.png" height="230px"/>

```bash
QUERY PLAN
Append  (cost=0.00..215639.89 rows=3605927 width=4995) (actual time=0.011..2957.890 rows=3605926 loops=1)
  ->  Seq Scan on bigdata_app_log  (cost=0.00..0.00 rows=1 width=4994) (actual time=0.001..0.001 rows=0 loops=1)
        Filter: ((reg_dt >= '2013-04-01'::date) AND (reg_dt <= '2016-03-31'::date))
  ->  Seq Scan on bigdata_app_log_2015  (cost=0.00..71719.54 rows=1199303 width=4995) (actual time=0.009..868.766 rows=1199303 loops=1)
        Filter: ((reg_dt >= '2013-04-01'::date) AND (reg_dt <= '2016-03-31'::date))
  ->  Seq Scan on bigdata_app_log_2014  (cost=0.00..72308.73 rows=1207115 width=4996) (actual time=2.492..973.347 rows=1207115 loops=1)
        Filter: ((reg_dt >= '2013-04-01'::date) AND (reg_dt <= '2016-03-31'::date))
  ->  Seq Scan on bigdata_app_log_2013  (cost=0.00..71611.62 rows=1199508 width=4994) (actual time=0.186..1042.658 rows=1199508 loops=1)
        Filter: ((reg_dt >= '2013-04-01'::date) AND (reg_dt <= '2016-03-31'::date))
Planning time: 7.191 ms
Execution time: 3001.293 ms
```



Table                          | Tuples Inserted | Table Size [MB] | Year                    | Execution time [ms]
-------------------------------|-----------------|-----------------|-------------------------|---------------
bigdata\_app\_log_<br>no_index | 12,171,665      | 4,231           | 2013-2016/<br>2004-2016 | 11,546.416
bigdata\_app\_log_<br>index    | 12,171,665      | 4,231           | 2013-2016/<br>2004-2016 | 6,269.275
bigdata\_app\_log              | 0               | 0               | -                       | <span style="color: yellow">**3,001.293**</span>
bigdata\_app\_log_2015         | 1,199,303       | 420             | 2015/2015               | -
bigdata\_app\_log_2014         | 1,207,115       | 423             | 2014/2014               | -
bigdata\_app\_log_2013         | 1,199,508       | 419             | 2013/2013               | -



## ã¾ã¨ã‚

* RDB ã«ãŠã‘ã‚‹å¤§é‡ãƒ‡ãƒ¼ã‚¿ã®é«˜é€ŸåŒ–æ‰‹æ³•ãŒã‚ã‹ã£ãŸ <!-- .element: class="fragment" data-fragment-index="1" -->
* ãƒ‘ãƒ¼ãƒ†ã‚£ã‚·ãƒ§ãƒ‹ãƒ³ã‚°ã®æ¦‚è¦ãŒã‚ã‹ã£ãŸ <!-- .element: class="fragment" data-fragment-index="1" -->
* ã‚­ãƒ¼å€¤ã‹ã‚‰è‡ªå‹•ã§ãƒ‘ãƒ¼ãƒ†ã‚£ã‚·ãƒ§ãƒ³ ãƒ†ãƒ¼ãƒ–ãƒ«ã‚’ä½œæˆã§ããŸ <!-- .element: class="fragment" data-fragment-index="1" -->
* ãƒ‘ãƒ¼ãƒ†ã‚£ã‚·ãƒ§ãƒ‹ãƒ³ã‚°ã§ç´ æœ´ãª SQL ã§ã‚‚ç´„ 4 å€é«˜é€ŸåŒ–ã§ããŸ <!-- .element: class="fragment" data-fragment-index="1" -->
* ã¾ã£ãŸã Java ã¨é–¢ä¿‚ãŒãªã‹ã£ãŸ <!-- .element: class="fragment" data-fragment-index="5" -->



## å‚è€ƒãƒãƒ¼ãƒˆ

1. fluentd, http://docs.fluentd.org/articles/quickstart
1. PostgreSQL 9.5.1æ–‡æ›¸, 5.10. ãƒ‘ãƒ¼ãƒ†ã‚£ã‚·ãƒ§ãƒ‹ãƒ³ã‚°, https://www.postgresql.jp/document/9.5/html/ddl-partitioning.html
1. ZABBIX.org, Higher performant partitioning in PostgreSQL, https://www.zabbix.org/wiki/Higher_performant_partitioning_in_PostgreSQL
